   0  $accept : %entry% $end

   1  start : startAux

   2  startAux : program EOF
   3           | START_1_0 sexp1 EOF
   4           | START_2_0 tests EOF

   5  sexp1 : sexp1Aux

   6  sexp1Aux : IDENT1
   7           | value1
   8           | EXPR1_21_1 sexp1_2_1 LAMBDA1_0_4

   9  sexp1_2_1 : sexp1_2_1Aux

  10  sexp1_2_1Aux : Empty
  11               | sexp1_2_1Aux sexp1

  12  tests : testsAux

  13  testsAux : tests_0_0

  14  tests_0_0 : tests_0_0Aux

  15  tests_0_0Aux : Empty
  16               | tests_0_0Aux test

  17  idents : identsAux

  18  identsAux : IDENTS_0_0 ident_list IDENTS_0_2

  19  test : testAux

  20  testAux : idents test_0_1 IDENT1 STRING STRING sexp2 sexp2

  21  test_0_1 : test_0_1Aux

  22  test_0_1Aux : Empty
  23              | idents

  24  sexp2 : sexp2Aux

  25  sexp2Aux : sexp1
  26           | EXPR1_21_1 SEXP2_1_1 program LAMBDA1_0_4
  27           | EXPR1_21_1 SEXP2_2_1 expr1 LAMBDA1_0_4
  28           | EXPR1_21_1 SEXP2_3_1 expr1 LAMBDA1_0_4

  29  program : programAux

  30  programAux : expr1
  31             | stmt BLOCK_1_1 programAux

  32  stmt : stmtAux

  33  stmtAux : CONST_KW IDENT1 STMT_2_1 expr1
  34          | LET_KW IDENT1 STMT_2_1 expr1
  35          | expr1 STMT_2_1 expr1

  36  expr1 : expr1Aux

  37  expr1Aux : IDENT1
  38           | UNDEF_KW
  39           | value1
  40           | LAMBDA1_0_5 block LAMBDA1_0_7
  41           | lambda1
  42           | EXPR1_10_1 expr1Aux
  43           | EXPR1_6_0 expr1Aux
  44           | expr1Aux EXPR1_7_1 expr1Aux
  45           | expr1Aux EXPR1_8_1 expr1Aux
  46           | expr1Aux EXPR1_9_1 expr1Aux
  47           | expr1Aux EXPR1_10_1 expr1Aux
  48           | expr1Aux EXPR1_11_1 expr1Aux
  49           | expr1Aux EXPR1_12_1 expr1Aux
  50           | expr1Aux EXPR1_13_1 expr1Aux
  51           | expr1Aux EXPR1_14_1 expr1Aux
  52           | expr1Aux EXPR1_15_1 expr1Aux
  53           | expr1Aux EXPR1_16_1 expr1Aux
  54           | expr1Aux EXPR1_17_1 expr1Aux
  55           | expr1Aux EXPR1_18_1 expr1Aux
  56           | expr1Aux EXPR1_19_1 expr1Aux EXPR1_19_3 expr1Aux
  57           | EXPR1_20_0 EXPR1_22_1 EXPR1_20_2 EXPR1_21_1 expr1Aux LAMBDA1_0_4
  58           | expr1Aux EXPR1_21_1 expr_list LAMBDA1_0_4
  59           | expr1Aux EXPR1_22_1 IDENT1
  60           | LAMBDA1_0_5 field_list LAMBDA1_0_7
  61           | EXPR1_21_1 expr1Aux LAMBDA1_0_4

  62  value1 : value1Aux

  63  value1Aux : NUMBER
  64            | VALUE1_1_0
  65            | VALUE1_2_0
  66            | bool
  67            | STRING

  68  lambda1 : lambda1Aux

  69  lambda1Aux : FUNC_KW lambda1_0_1 EXPR1_21_1 ident_list LAMBDA1_0_4 LAMBDA1_0_5 block LAMBDA1_0_7

  70  lambda1_0_1 : lambda1_0_1Aux

  71  lambda1_0_1Aux : Empty
  72                 | IDENT1

  73  block : blockAux

  74  blockAux : RET_KW expr1
  75           | stmt BLOCK_1_1 blockAux

  76  field_list : field_listAux

  77  field_listAux : Empty
  78                | field field_list_1_1

  79  field_list_1_1 : field_list_1_1Aux

  80  field_list_1_1Aux : Empty
  81                    | field_list_1_1Aux field_list_1_1_0

  82  field_list_1_1_0 : field_list_1_1_0Aux

  83  field_list_1_1_0Aux : IDENT_LIST_1_1_0_0_0 field

  84  expr_list : expr_listAux

  85  expr_listAux : Empty
  86               | expr1 expr_list_1_1

  87  expr_list_1_1 : expr_list_1_1Aux

  88  expr_list_1_1Aux : Empty
  89                   | expr_list_1_1Aux expr_list_1_1_0

  90  expr_list_1_1_0 : expr_list_1_1_0Aux

  91  expr_list_1_1_0Aux : IDENT_LIST_1_1_0_0_0 expr1

  92  ident_list : ident_listAux

  93  ident_listAux : Empty
  94                | IDENT1 ident_list_1_1

  95  ident_list_1_1 : ident_list_1_1Aux

  96  ident_list_1_1Aux : Empty
  97                    | ident_list_1_1Aux ident_list_1_1_0

  98  ident_list_1_1_0 : ident_list_1_1_0Aux

  99  ident_list_1_1_0Aux : IDENT_LIST_1_1_0_0_0 IDENT1

 100  field : fieldAux

 101  fieldAux : IDENT1 EXPR1_19_3 expr1

 102  bool : boolAux

 103  boolAux : TRUE_KW
 104          | FALSE_KW

 105  Empty :

 106  %entry% : '\001' start

state 0
	$accept : . %entry% $end  (0)

	'\001'  shift 1
	.  error

	%entry%  goto 2


state 1
	%entry% : '\001' . start  (106)

	EXPR1_10_1  shift 3
	EXPR1_21_1  shift 4
	EXPR1_6_0  shift 5
	LAMBDA1_0_5  shift 6
	NUMBER  shift 7
	EXPR1_20_0  shift 8
	IDENT1  shift 9
	START_1_0  shift 10
	START_2_0  shift 11
	STRING  shift 12
	VALUE1_1_0  shift 13
	VALUE1_2_0  shift 14
	CONST_KW  shift 15
	FALSE_KW  shift 16
	FUNC_KW  shift 17
	LET_KW  shift 18
	TRUE_KW  shift 19
	UNDEF_KW  shift 20
	.  error

	start  goto 21
	startAux  goto 22
	program  goto 23
	value1  goto 24
	expr1  goto 25
	programAux  goto 26
	stmt  goto 27
	stmtAux  goto 28
	expr1Aux  goto 29
	lambda1  goto 30
	value1Aux  goto 31
	bool  goto 32
	lambda1Aux  goto 33
	boolAux  goto 34


state 2
	$accept : %entry% . $end  (0)

	$end  accept


state 3
	expr1Aux : EXPR1_10_1 . expr1Aux  (42)

	EXPR1_10_1  shift 3
	EXPR1_21_1  shift 4
	EXPR1_6_0  shift 5
	LAMBDA1_0_5  shift 6
	NUMBER  shift 7
	EXPR1_20_0  shift 8
	IDENT1  shift 9
	STRING  shift 12
	VALUE1_1_0  shift 13
	VALUE1_2_0  shift 14
	FALSE_KW  shift 16
	FUNC_KW  shift 17
	TRUE_KW  shift 19
	UNDEF_KW  shift 20
	.  error

	value1  goto 24
	expr1Aux  goto 35
	lambda1  goto 30
	value1Aux  goto 31
	bool  goto 32
	lambda1Aux  goto 33
	boolAux  goto 34


state 4
	expr1Aux : EXPR1_21_1 . expr1Aux LAMBDA1_0_4  (61)

	EXPR1_10_1  shift 3
	EXPR1_21_1  shift 4
	EXPR1_6_0  shift 5
	LAMBDA1_0_5  shift 6
	NUMBER  shift 7
	EXPR1_20_0  shift 8
	IDENT1  shift 9
	STRING  shift 12
	VALUE1_1_0  shift 13
	VALUE1_2_0  shift 14
	FALSE_KW  shift 16
	FUNC_KW  shift 17
	TRUE_KW  shift 19
	UNDEF_KW  shift 20
	.  error

	value1  goto 24
	expr1Aux  goto 36
	lambda1  goto 30
	value1Aux  goto 31
	bool  goto 32
	lambda1Aux  goto 33
	boolAux  goto 34


state 5
	expr1Aux : EXPR1_6_0 . expr1Aux  (43)

	EXPR1_10_1  shift 3
	EXPR1_21_1  shift 4
	EXPR1_6_0  shift 5
	LAMBDA1_0_5  shift 6
	NUMBER  shift 7
	EXPR1_20_0  shift 8
	IDENT1  shift 9
	STRING  shift 12
	VALUE1_1_0  shift 13
	VALUE1_2_0  shift 14
	FALSE_KW  shift 16
	FUNC_KW  shift 17
	TRUE_KW  shift 19
	UNDEF_KW  shift 20
	.  error

	value1  goto 24
	expr1Aux  goto 37
	lambda1  goto 30
	value1Aux  goto 31
	bool  goto 32
	lambda1Aux  goto 33
	boolAux  goto 34


state 6
	expr1Aux : LAMBDA1_0_5 . block LAMBDA1_0_7  (40)
	expr1Aux : LAMBDA1_0_5 . field_list LAMBDA1_0_7  (60)
	Empty : .  (105)

	EXPR1_10_1  shift 3
	EXPR1_21_1  shift 4
	EXPR1_6_0  shift 5
	LAMBDA1_0_5  shift 6
	NUMBER  shift 7
	EXPR1_20_0  shift 8
	IDENT1  shift 38
	STRING  shift 12
	VALUE1_1_0  shift 13
	VALUE1_2_0  shift 14
	CONST_KW  shift 15
	FALSE_KW  shift 16
	FUNC_KW  shift 17
	LET_KW  shift 18
	RET_KW  shift 39
	TRUE_KW  shift 19
	UNDEF_KW  shift 20
	LAMBDA1_0_7  reduce 105

	value1  goto 24
	Empty  goto 40
	expr1  goto 41
	stmt  goto 42
	stmtAux  goto 28
	expr1Aux  goto 29
	block  goto 43
	lambda1  goto 30
	field_list  goto 44
	value1Aux  goto 31
	bool  goto 32
	lambda1Aux  goto 33
	blockAux  goto 45
	field_listAux  goto 46
	field  goto 47
	fieldAux  goto 48
	boolAux  goto 34


state 7
	value1Aux : NUMBER .  (63)

	.  reduce 63


state 8
	expr1Aux : EXPR1_20_0 . EXPR1_22_1 EXPR1_20_2 EXPR1_21_1 expr1Aux LAMBDA1_0_4  (57)

	EXPR1_22_1  shift 49
	.  error


state 9
	expr1Aux : IDENT1 .  (37)

	.  reduce 37


state 10
	startAux : START_1_0 . sexp1 EOF  (3)

	EXPR1_21_1  shift 50
	NUMBER  shift 7
	IDENT1  shift 51
	STRING  shift 12
	VALUE1_1_0  shift 13
	VALUE1_2_0  shift 14
	FALSE_KW  shift 16
	TRUE_KW  shift 19
	.  error

	sexp1  goto 52
	sexp1Aux  goto 53
	value1  goto 54
	value1Aux  goto 31
	bool  goto 32
	boolAux  goto 34


state 11
	startAux : START_2_0 . tests EOF  (4)
	Empty : .  (105)

	.  reduce 105

	tests  goto 55
	Empty  goto 56
	testsAux  goto 57
	tests_0_0  goto 58
	tests_0_0Aux  goto 59


state 12
	value1Aux : STRING .  (67)

	.  reduce 67


state 13
	value1Aux : VALUE1_1_0 .  (64)

	.  reduce 64


state 14
	value1Aux : VALUE1_2_0 .  (65)

	.  reduce 65


state 15
	stmtAux : CONST_KW . IDENT1 STMT_2_1 expr1  (33)

	IDENT1  shift 60
	.  error


state 16
	boolAux : FALSE_KW .  (104)

	.  reduce 104


state 17
	lambda1Aux : FUNC_KW . lambda1_0_1 EXPR1_21_1 ident_list LAMBDA1_0_4 LAMBDA1_0_5 block LAMBDA1_0_7  (69)
	Empty : .  (105)

	IDENT1  shift 61
	EXPR1_21_1  reduce 105

	Empty  goto 62
	lambda1_0_1  goto 63
	lambda1_0_1Aux  goto 64


state 18
	stmtAux : LET_KW . IDENT1 STMT_2_1 expr1  (34)

	IDENT1  shift 65
	.  error


state 19
	boolAux : TRUE_KW .  (103)

	.  reduce 103


state 20
	expr1Aux : UNDEF_KW .  (38)

	.  reduce 38


state 21
	%entry% : '\001' start .  (106)

	.  reduce 106


state 22
	start : startAux .  (1)

	.  reduce 1


state 23
	startAux : program . EOF  (2)

	EOF  shift 66
	.  error


state 24
	expr1Aux : value1 .  (39)

	.  reduce 39


state 25
	programAux : expr1 .  (30)
	stmtAux : expr1 . STMT_2_1 expr1  (35)

	STMT_2_1  shift 67
	EOF  reduce 30
	LAMBDA1_0_4  reduce 30


state 26
	program : programAux .  (29)

	.  reduce 29


state 27
	programAux : stmt . BLOCK_1_1 programAux  (31)

	BLOCK_1_1  shift 68
	.  error


state 28
	stmt : stmtAux .  (32)

	.  reduce 32


state 29
	expr1 : expr1Aux .  (36)
	expr1Aux : expr1Aux . EXPR1_7_1 expr1Aux  (44)
	expr1Aux : expr1Aux . EXPR1_8_1 expr1Aux  (45)
	expr1Aux : expr1Aux . EXPR1_9_1 expr1Aux  (46)
	expr1Aux : expr1Aux . EXPR1_10_1 expr1Aux  (47)
	expr1Aux : expr1Aux . EXPR1_11_1 expr1Aux  (48)
	expr1Aux : expr1Aux . EXPR1_12_1 expr1Aux  (49)
	expr1Aux : expr1Aux . EXPR1_13_1 expr1Aux  (50)
	expr1Aux : expr1Aux . EXPR1_14_1 expr1Aux  (51)
	expr1Aux : expr1Aux . EXPR1_15_1 expr1Aux  (52)
	expr1Aux : expr1Aux . EXPR1_16_1 expr1Aux  (53)
	expr1Aux : expr1Aux . EXPR1_17_1 expr1Aux  (54)
	expr1Aux : expr1Aux . EXPR1_18_1 expr1Aux  (55)
	expr1Aux : expr1Aux . EXPR1_19_1 expr1Aux EXPR1_19_3 expr1Aux  (56)
	expr1Aux : expr1Aux . EXPR1_21_1 expr_list LAMBDA1_0_4  (58)
	expr1Aux : expr1Aux . EXPR1_22_1 IDENT1  (59)

	EXPR1_10_1  shift 69
	EXPR1_12_1  shift 70
	EXPR1_14_1  shift 71
	EXPR1_19_1  shift 72
	EXPR1_21_1  shift 73
	EXPR1_22_1  shift 74
	EXPR1_7_1  shift 75
	EXPR1_8_1  shift 76
	EXPR1_9_1  shift 77
	EXPR1_11_1  shift 78
	EXPR1_13_1  shift 79
	EXPR1_15_1  shift 80
	EXPR1_16_1  shift 81
	EXPR1_17_1  shift 82
	EXPR1_18_1  shift 83
	EOF  reduce 36
	BLOCK_1_1  reduce 36
	IDENT_LIST_1_1_0_0_0  reduce 36
	LAMBDA1_0_4  reduce 36
	LAMBDA1_0_7  reduce 36
	STMT_2_1  reduce 36


state 30
	expr1Aux : lambda1 .  (41)

	.  reduce 41


state 31
	value1 : value1Aux .  (62)

	.  reduce 62


state 32
	value1Aux : bool .  (66)

	.  reduce 66


state 33
	lambda1 : lambda1Aux .  (68)

	.  reduce 68


state 34
	bool : boolAux .  (102)

	.  reduce 102


state 35
	expr1Aux : EXPR1_10_1 expr1Aux .  (42)
	expr1Aux : expr1Aux . EXPR1_7_1 expr1Aux  (44)
	expr1Aux : expr1Aux . EXPR1_8_1 expr1Aux  (45)
	expr1Aux : expr1Aux . EXPR1_9_1 expr1Aux  (46)
	expr1Aux : expr1Aux . EXPR1_10_1 expr1Aux  (47)
	expr1Aux : expr1Aux . EXPR1_11_1 expr1Aux  (48)
	expr1Aux : expr1Aux . EXPR1_12_1 expr1Aux  (49)
	expr1Aux : expr1Aux . EXPR1_13_1 expr1Aux  (50)
	expr1Aux : expr1Aux . EXPR1_14_1 expr1Aux  (51)
	expr1Aux : expr1Aux . EXPR1_15_1 expr1Aux  (52)
	expr1Aux : expr1Aux . EXPR1_16_1 expr1Aux  (53)
	expr1Aux : expr1Aux . EXPR1_17_1 expr1Aux  (54)
	expr1Aux : expr1Aux . EXPR1_18_1 expr1Aux  (55)
	expr1Aux : expr1Aux . EXPR1_19_1 expr1Aux EXPR1_19_3 expr1Aux  (56)
	expr1Aux : expr1Aux . EXPR1_21_1 expr_list LAMBDA1_0_4  (58)
	expr1Aux : expr1Aux . EXPR1_22_1 IDENT1  (59)

	EXPR1_21_1  shift 73
	EXPR1_22_1  shift 74
	EOF  reduce 42
	BLOCK_1_1  reduce 42
	EXPR1_10_1  reduce 42
	EXPR1_12_1  reduce 42
	EXPR1_14_1  reduce 42
	EXPR1_19_1  reduce 42
	EXPR1_19_3  reduce 42
	EXPR1_7_1  reduce 42
	EXPR1_8_1  reduce 42
	EXPR1_9_1  reduce 42
	IDENT_LIST_1_1_0_0_0  reduce 42
	LAMBDA1_0_4  reduce 42
	LAMBDA1_0_7  reduce 42
	STMT_2_1  reduce 42
	EXPR1_11_1  reduce 42
	EXPR1_13_1  reduce 42
	EXPR1_15_1  reduce 42
	EXPR1_16_1  reduce 42
	EXPR1_17_1  reduce 42
	EXPR1_18_1  reduce 42


state 36
	expr1Aux : expr1Aux . EXPR1_7_1 expr1Aux  (44)
	expr1Aux : expr1Aux . EXPR1_8_1 expr1Aux  (45)
	expr1Aux : expr1Aux . EXPR1_9_1 expr1Aux  (46)
	expr1Aux : expr1Aux . EXPR1_10_1 expr1Aux  (47)
	expr1Aux : expr1Aux . EXPR1_11_1 expr1Aux  (48)
	expr1Aux : expr1Aux . EXPR1_12_1 expr1Aux  (49)
	expr1Aux : expr1Aux . EXPR1_13_1 expr1Aux  (50)
	expr1Aux : expr1Aux . EXPR1_14_1 expr1Aux  (51)
	expr1Aux : expr1Aux . EXPR1_15_1 expr1Aux  (52)
	expr1Aux : expr1Aux . EXPR1_16_1 expr1Aux  (53)
	expr1Aux : expr1Aux . EXPR1_17_1 expr1Aux  (54)
	expr1Aux : expr1Aux . EXPR1_18_1 expr1Aux  (55)
	expr1Aux : expr1Aux . EXPR1_19_1 expr1Aux EXPR1_19_3 expr1Aux  (56)
	expr1Aux : expr1Aux . EXPR1_21_1 expr_list LAMBDA1_0_4  (58)
	expr1Aux : expr1Aux . EXPR1_22_1 IDENT1  (59)
	expr1Aux : EXPR1_21_1 expr1Aux . LAMBDA1_0_4  (61)

	EXPR1_10_1  shift 69
	EXPR1_12_1  shift 70
	EXPR1_14_1  shift 71
	EXPR1_19_1  shift 72
	EXPR1_21_1  shift 73
	EXPR1_22_1  shift 74
	EXPR1_7_1  shift 75
	EXPR1_8_1  shift 76
	EXPR1_9_1  shift 77
	LAMBDA1_0_4  shift 84
	EXPR1_11_1  shift 78
	EXPR1_13_1  shift 79
	EXPR1_15_1  shift 80
	EXPR1_16_1  shift 81
	EXPR1_17_1  shift 82
	EXPR1_18_1  shift 83
	.  error


state 37
	expr1Aux : EXPR1_6_0 expr1Aux .  (43)
	expr1Aux : expr1Aux . EXPR1_7_1 expr1Aux  (44)
	expr1Aux : expr1Aux . EXPR1_8_1 expr1Aux  (45)
	expr1Aux : expr1Aux . EXPR1_9_1 expr1Aux  (46)
	expr1Aux : expr1Aux . EXPR1_10_1 expr1Aux  (47)
	expr1Aux : expr1Aux . EXPR1_11_1 expr1Aux  (48)
	expr1Aux : expr1Aux . EXPR1_12_1 expr1Aux  (49)
	expr1Aux : expr1Aux . EXPR1_13_1 expr1Aux  (50)
	expr1Aux : expr1Aux . EXPR1_14_1 expr1Aux  (51)
	expr1Aux : expr1Aux . EXPR1_15_1 expr1Aux  (52)
	expr1Aux : expr1Aux . EXPR1_16_1 expr1Aux  (53)
	expr1Aux : expr1Aux . EXPR1_17_1 expr1Aux  (54)
	expr1Aux : expr1Aux . EXPR1_18_1 expr1Aux  (55)
	expr1Aux : expr1Aux . EXPR1_19_1 expr1Aux EXPR1_19_3 expr1Aux  (56)
	expr1Aux : expr1Aux . EXPR1_21_1 expr_list LAMBDA1_0_4  (58)
	expr1Aux : expr1Aux . EXPR1_22_1 IDENT1  (59)

	EXPR1_21_1  shift 73
	EXPR1_22_1  shift 74
	EOF  reduce 43
	BLOCK_1_1  reduce 43
	EXPR1_10_1  reduce 43
	EXPR1_12_1  reduce 43
	EXPR1_14_1  reduce 43
	EXPR1_19_1  reduce 43
	EXPR1_19_3  reduce 43
	EXPR1_7_1  reduce 43
	EXPR1_8_1  reduce 43
	EXPR1_9_1  reduce 43
	IDENT_LIST_1_1_0_0_0  reduce 43
	LAMBDA1_0_4  reduce 43
	LAMBDA1_0_7  reduce 43
	STMT_2_1  reduce 43
	EXPR1_11_1  reduce 43
	EXPR1_13_1  reduce 43
	EXPR1_15_1  reduce 43
	EXPR1_16_1  reduce 43
	EXPR1_17_1  reduce 43
	EXPR1_18_1  reduce 43


state 38
	expr1Aux : IDENT1 .  (37)
	fieldAux : IDENT1 . EXPR1_19_3 expr1  (101)

	EXPR1_19_3  shift 85
	EXPR1_10_1  reduce 37
	EXPR1_12_1  reduce 37
	EXPR1_14_1  reduce 37
	EXPR1_19_1  reduce 37
	EXPR1_21_1  reduce 37
	EXPR1_22_1  reduce 37
	EXPR1_7_1  reduce 37
	EXPR1_8_1  reduce 37
	EXPR1_9_1  reduce 37
	STMT_2_1  reduce 37
	EXPR1_11_1  reduce 37
	EXPR1_13_1  reduce 37
	EXPR1_15_1  reduce 37
	EXPR1_16_1  reduce 37
	EXPR1_17_1  reduce 37
	EXPR1_18_1  reduce 37


state 39
	blockAux : RET_KW . expr1  (74)

	EXPR1_10_1  shift 3
	EXPR1_21_1  shift 4
	EXPR1_6_0  shift 5
	LAMBDA1_0_5  shift 6
	NUMBER  shift 7
	EXPR1_20_0  shift 8
	IDENT1  shift 9
	STRING  shift 12
	VALUE1_1_0  shift 13
	VALUE1_2_0  shift 14
	FALSE_KW  shift 16
	FUNC_KW  shift 17
	TRUE_KW  shift 19
	UNDEF_KW  shift 20
	.  error

	value1  goto 24
	expr1  goto 86
	expr1Aux  goto 29
	lambda1  goto 30
	value1Aux  goto 31
	bool  goto 32
	lambda1Aux  goto 33
	boolAux  goto 34


state 40
	field_listAux : Empty .  (77)

	.  reduce 77


state 41
	stmtAux : expr1 . STMT_2_1 expr1  (35)

	STMT_2_1  shift 67
	.  error


state 42
	blockAux : stmt . BLOCK_1_1 blockAux  (75)

	BLOCK_1_1  shift 87
	.  error


state 43
	expr1Aux : LAMBDA1_0_5 block . LAMBDA1_0_7  (40)

	LAMBDA1_0_7  shift 88
	.  error


state 44
	expr1Aux : LAMBDA1_0_5 field_list . LAMBDA1_0_7  (60)

	LAMBDA1_0_7  shift 89
	.  error


state 45
	block : blockAux .  (73)

	.  reduce 73


state 46
	field_list : field_listAux .  (76)

	.  reduce 76


state 47
	field_listAux : field . field_list_1_1  (78)
	Empty : .  (105)

	.  reduce 105

	Empty  goto 90
	field_list_1_1  goto 91
	field_list_1_1Aux  goto 92


state 48
	field : fieldAux .  (100)

	.  reduce 100


state 49
	expr1Aux : EXPR1_20_0 EXPR1_22_1 . EXPR1_20_2 EXPR1_21_1 expr1Aux LAMBDA1_0_4  (57)

	EXPR1_20_2  shift 93
	.  error


state 50
	sexp1Aux : EXPR1_21_1 . sexp1_2_1 LAMBDA1_0_4  (8)
	Empty : .  (105)

	.  reduce 105

	sexp1_2_1  goto 94
	sexp1_2_1Aux  goto 95
	Empty  goto 96


state 51
	sexp1Aux : IDENT1 .  (6)

	.  reduce 6


state 52
	startAux : START_1_0 sexp1 . EOF  (3)

	EOF  shift 97
	.  error


state 53
	sexp1 : sexp1Aux .  (5)

	.  reduce 5


state 54
	sexp1Aux : value1 .  (7)

	.  reduce 7


state 55
	startAux : START_2_0 tests . EOF  (4)

	EOF  shift 98
	.  error


state 56
	tests_0_0Aux : Empty .  (15)

	.  reduce 15


state 57
	tests : testsAux .  (12)

	.  reduce 12


state 58
	testsAux : tests_0_0 .  (13)

	.  reduce 13


state 59
	tests_0_0 : tests_0_0Aux .  (14)
	tests_0_0Aux : tests_0_0Aux . test  (16)

	IDENTS_0_0  shift 99
	EOF  reduce 14

	test  goto 100
	idents  goto 101
	identsAux  goto 102
	testAux  goto 103


state 60
	stmtAux : CONST_KW IDENT1 . STMT_2_1 expr1  (33)

	STMT_2_1  shift 104
	.  error


state 61
	lambda1_0_1Aux : IDENT1 .  (72)

	.  reduce 72


state 62
	lambda1_0_1Aux : Empty .  (71)

	.  reduce 71


state 63
	lambda1Aux : FUNC_KW lambda1_0_1 . EXPR1_21_1 ident_list LAMBDA1_0_4 LAMBDA1_0_5 block LAMBDA1_0_7  (69)

	EXPR1_21_1  shift 105
	.  error


state 64
	lambda1_0_1 : lambda1_0_1Aux .  (70)

	.  reduce 70


state 65
	stmtAux : LET_KW IDENT1 . STMT_2_1 expr1  (34)

	STMT_2_1  shift 106
	.  error


state 66
	startAux : program EOF .  (2)

	.  reduce 2


state 67
	stmtAux : expr1 STMT_2_1 . expr1  (35)

	EXPR1_10_1  shift 3
	EXPR1_21_1  shift 4
	EXPR1_6_0  shift 5
	LAMBDA1_0_5  shift 6
	NUMBER  shift 7
	EXPR1_20_0  shift 8
	IDENT1  shift 9
	STRING  shift 12
	VALUE1_1_0  shift 13
	VALUE1_2_0  shift 14
	FALSE_KW  shift 16
	FUNC_KW  shift 17
	TRUE_KW  shift 19
	UNDEF_KW  shift 20
	.  error

	value1  goto 24
	expr1  goto 107
	expr1Aux  goto 29
	lambda1  goto 30
	value1Aux  goto 31
	bool  goto 32
	lambda1Aux  goto 33
	boolAux  goto 34


state 68
	programAux : stmt BLOCK_1_1 . programAux  (31)

	EXPR1_10_1  shift 3
	EXPR1_21_1  shift 4
	EXPR1_6_0  shift 5
	LAMBDA1_0_5  shift 6
	NUMBER  shift 7
	EXPR1_20_0  shift 8
	IDENT1  shift 9
	STRING  shift 12
	VALUE1_1_0  shift 13
	VALUE1_2_0  shift 14
	CONST_KW  shift 15
	FALSE_KW  shift 16
	FUNC_KW  shift 17
	LET_KW  shift 18
	TRUE_KW  shift 19
	UNDEF_KW  shift 20
	.  error

	value1  goto 24
	expr1  goto 25
	programAux  goto 108
	stmt  goto 27
	stmtAux  goto 28
	expr1Aux  goto 29
	lambda1  goto 30
	value1Aux  goto 31
	bool  goto 32
	lambda1Aux  goto 33
	boolAux  goto 34


state 69
	expr1Aux : expr1Aux EXPR1_10_1 . expr1Aux  (47)

	EXPR1_10_1  shift 3
	EXPR1_21_1  shift 4
	EXPR1_6_0  shift 5
	LAMBDA1_0_5  shift 6
	NUMBER  shift 7
	EXPR1_20_0  shift 8
	IDENT1  shift 9
	STRING  shift 12
	VALUE1_1_0  shift 13
	VALUE1_2_0  shift 14
	FALSE_KW  shift 16
	FUNC_KW  shift 17
	TRUE_KW  shift 19
	UNDEF_KW  shift 20
	.  error

	value1  goto 24
	expr1Aux  goto 109
	lambda1  goto 30
	value1Aux  goto 31
	bool  goto 32
	lambda1Aux  goto 33
	boolAux  goto 34


state 70
	expr1Aux : expr1Aux EXPR1_12_1 . expr1Aux  (49)

	EXPR1_10_1  shift 3
	EXPR1_21_1  shift 4
	EXPR1_6_0  shift 5
	LAMBDA1_0_5  shift 6
	NUMBER  shift 7
	EXPR1_20_0  shift 8
	IDENT1  shift 9
	STRING  shift 12
	VALUE1_1_0  shift 13
	VALUE1_2_0  shift 14
	FALSE_KW  shift 16
	FUNC_KW  shift 17
	TRUE_KW  shift 19
	UNDEF_KW  shift 20
	.  error

	value1  goto 24
	expr1Aux  goto 110
	lambda1  goto 30
	value1Aux  goto 31
	bool  goto 32
	lambda1Aux  goto 33
	boolAux  goto 34


state 71
	expr1Aux : expr1Aux EXPR1_14_1 . expr1Aux  (51)

	EXPR1_10_1  shift 3
	EXPR1_21_1  shift 4
	EXPR1_6_0  shift 5
	LAMBDA1_0_5  shift 6
	NUMBER  shift 7
	EXPR1_20_0  shift 8
	IDENT1  shift 9
	STRING  shift 12
	VALUE1_1_0  shift 13
	VALUE1_2_0  shift 14
	FALSE_KW  shift 16
	FUNC_KW  shift 17
	TRUE_KW  shift 19
	UNDEF_KW  shift 20
	.  error

	value1  goto 24
	expr1Aux  goto 111
	lambda1  goto 30
	value1Aux  goto 31
	bool  goto 32
	lambda1Aux  goto 33
	boolAux  goto 34


state 72
	expr1Aux : expr1Aux EXPR1_19_1 . expr1Aux EXPR1_19_3 expr1Aux  (56)

	EXPR1_10_1  shift 3
	EXPR1_21_1  shift 4
	EXPR1_6_0  shift 5
	LAMBDA1_0_5  shift 6
	NUMBER  shift 7
	EXPR1_20_0  shift 8
	IDENT1  shift 9
	STRING  shift 12
	VALUE1_1_0  shift 13
	VALUE1_2_0  shift 14
	FALSE_KW  shift 16
	FUNC_KW  shift 17
	TRUE_KW  shift 19
	UNDEF_KW  shift 20
	.  error

	value1  goto 24
	expr1Aux  goto 112
	lambda1  goto 30
	value1Aux  goto 31
	bool  goto 32
	lambda1Aux  goto 33
	boolAux  goto 34


state 73
	expr1Aux : expr1Aux EXPR1_21_1 . expr_list LAMBDA1_0_4  (58)
	Empty : .  (105)

	EXPR1_10_1  shift 3
	EXPR1_21_1  shift 4
	EXPR1_6_0  shift 5
	LAMBDA1_0_5  shift 6
	NUMBER  shift 7
	EXPR1_20_0  shift 8
	IDENT1  shift 9
	STRING  shift 12
	VALUE1_1_0  shift 13
	VALUE1_2_0  shift 14
	FALSE_KW  shift 16
	FUNC_KW  shift 17
	TRUE_KW  shift 19
	UNDEF_KW  shift 20
	LAMBDA1_0_4  reduce 105

	value1  goto 24
	Empty  goto 113
	expr1  goto 114
	expr1Aux  goto 29
	lambda1  goto 30
	expr_list  goto 115
	value1Aux  goto 31
	bool  goto 32
	lambda1Aux  goto 33
	expr_listAux  goto 116
	boolAux  goto 34


state 74
	expr1Aux : expr1Aux EXPR1_22_1 . IDENT1  (59)

	IDENT1  shift 117
	.  error


state 75
	expr1Aux : expr1Aux EXPR1_7_1 . expr1Aux  (44)

	EXPR1_10_1  shift 3
	EXPR1_21_1  shift 4
	EXPR1_6_0  shift 5
	LAMBDA1_0_5  shift 6
	NUMBER  shift 7
	EXPR1_20_0  shift 8
	IDENT1  shift 9
	STRING  shift 12
	VALUE1_1_0  shift 13
	VALUE1_2_0  shift 14
	FALSE_KW  shift 16
	FUNC_KW  shift 17
	TRUE_KW  shift 19
	UNDEF_KW  shift 20
	.  error

	value1  goto 24
	expr1Aux  goto 118
	lambda1  goto 30
	value1Aux  goto 31
	bool  goto 32
	lambda1Aux  goto 33
	boolAux  goto 34


state 76
	expr1Aux : expr1Aux EXPR1_8_1 . expr1Aux  (45)

	EXPR1_10_1  shift 3
	EXPR1_21_1  shift 4
	EXPR1_6_0  shift 5
	LAMBDA1_0_5  shift 6
	NUMBER  shift 7
	EXPR1_20_0  shift 8
	IDENT1  shift 9
	STRING  shift 12
	VALUE1_1_0  shift 13
	VALUE1_2_0  shift 14
	FALSE_KW  shift 16
	FUNC_KW  shift 17
	TRUE_KW  shift 19
	UNDEF_KW  shift 20
	.  error

	value1  goto 24
	expr1Aux  goto 119
	lambda1  goto 30
	value1Aux  goto 31
	bool  goto 32
	lambda1Aux  goto 33
	boolAux  goto 34


state 77
	expr1Aux : expr1Aux EXPR1_9_1 . expr1Aux  (46)

	EXPR1_10_1  shift 3
	EXPR1_21_1  shift 4
	EXPR1_6_0  shift 5
	LAMBDA1_0_5  shift 6
	NUMBER  shift 7
	EXPR1_20_0  shift 8
	IDENT1  shift 9
	STRING  shift 12
	VALUE1_1_0  shift 13
	VALUE1_2_0  shift 14
	FALSE_KW  shift 16
	FUNC_KW  shift 17
	TRUE_KW  shift 19
	UNDEF_KW  shift 20
	.  error

	value1  goto 24
	expr1Aux  goto 120
	lambda1  goto 30
	value1Aux  goto 31
	bool  goto 32
	lambda1Aux  goto 33
	boolAux  goto 34


state 78
	expr1Aux : expr1Aux EXPR1_11_1 . expr1Aux  (48)

	EXPR1_10_1  shift 3
	EXPR1_21_1  shift 4
	EXPR1_6_0  shift 5
	LAMBDA1_0_5  shift 6
	NUMBER  shift 7
	EXPR1_20_0  shift 8
	IDENT1  shift 9
	STRING  shift 12
	VALUE1_1_0  shift 13
	VALUE1_2_0  shift 14
	FALSE_KW  shift 16
	FUNC_KW  shift 17
	TRUE_KW  shift 19
	UNDEF_KW  shift 20
	.  error

	value1  goto 24
	expr1Aux  goto 121
	lambda1  goto 30
	value1Aux  goto 31
	bool  goto 32
	lambda1Aux  goto 33
	boolAux  goto 34


state 79
	expr1Aux : expr1Aux EXPR1_13_1 . expr1Aux  (50)

	EXPR1_10_1  shift 3
	EXPR1_21_1  shift 4
	EXPR1_6_0  shift 5
	LAMBDA1_0_5  shift 6
	NUMBER  shift 7
	EXPR1_20_0  shift 8
	IDENT1  shift 9
	STRING  shift 12
	VALUE1_1_0  shift 13
	VALUE1_2_0  shift 14
	FALSE_KW  shift 16
	FUNC_KW  shift 17
	TRUE_KW  shift 19
	UNDEF_KW  shift 20
	.  error

	value1  goto 24
	expr1Aux  goto 122
	lambda1  goto 30
	value1Aux  goto 31
	bool  goto 32
	lambda1Aux  goto 33
	boolAux  goto 34


state 80
	expr1Aux : expr1Aux EXPR1_15_1 . expr1Aux  (52)

	EXPR1_10_1  shift 3
	EXPR1_21_1  shift 4
	EXPR1_6_0  shift 5
	LAMBDA1_0_5  shift 6
	NUMBER  shift 7
	EXPR1_20_0  shift 8
	IDENT1  shift 9
	STRING  shift 12
	VALUE1_1_0  shift 13
	VALUE1_2_0  shift 14
	FALSE_KW  shift 16
	FUNC_KW  shift 17
	TRUE_KW  shift 19
	UNDEF_KW  shift 20
	.  error

	value1  goto 24
	expr1Aux  goto 123
	lambda1  goto 30
	value1Aux  goto 31
	bool  goto 32
	lambda1Aux  goto 33
	boolAux  goto 34


state 81
	expr1Aux : expr1Aux EXPR1_16_1 . expr1Aux  (53)

	EXPR1_10_1  shift 3
	EXPR1_21_1  shift 4
	EXPR1_6_0  shift 5
	LAMBDA1_0_5  shift 6
	NUMBER  shift 7
	EXPR1_20_0  shift 8
	IDENT1  shift 9
	STRING  shift 12
	VALUE1_1_0  shift 13
	VALUE1_2_0  shift 14
	FALSE_KW  shift 16
	FUNC_KW  shift 17
	TRUE_KW  shift 19
	UNDEF_KW  shift 20
	.  error

	value1  goto 24
	expr1Aux  goto 124
	lambda1  goto 30
	value1Aux  goto 31
	bool  goto 32
	lambda1Aux  goto 33
	boolAux  goto 34


state 82
	expr1Aux : expr1Aux EXPR1_17_1 . expr1Aux  (54)

	EXPR1_10_1  shift 3
	EXPR1_21_1  shift 4
	EXPR1_6_0  shift 5
	LAMBDA1_0_5  shift 6
	NUMBER  shift 7
	EXPR1_20_0  shift 8
	IDENT1  shift 9
	STRING  shift 12
	VALUE1_1_0  shift 13
	VALUE1_2_0  shift 14
	FALSE_KW  shift 16
	FUNC_KW  shift 17
	TRUE_KW  shift 19
	UNDEF_KW  shift 20
	.  error

	value1  goto 24
	expr1Aux  goto 125
	lambda1  goto 30
	value1Aux  goto 31
	bool  goto 32
	lambda1Aux  goto 33
	boolAux  goto 34


state 83
	expr1Aux : expr1Aux EXPR1_18_1 . expr1Aux  (55)

	EXPR1_10_1  shift 3
	EXPR1_21_1  shift 4
	EXPR1_6_0  shift 5
	LAMBDA1_0_5  shift 6
	NUMBER  shift 7
	EXPR1_20_0  shift 8
	IDENT1  shift 9
	STRING  shift 12
	VALUE1_1_0  shift 13
	VALUE1_2_0  shift 14
	FALSE_KW  shift 16
	FUNC_KW  shift 17
	TRUE_KW  shift 19
	UNDEF_KW  shift 20
	.  error

	value1  goto 24
	expr1Aux  goto 126
	lambda1  goto 30
	value1Aux  goto 31
	bool  goto 32
	lambda1Aux  goto 33
	boolAux  goto 34


state 84
	expr1Aux : EXPR1_21_1 expr1Aux LAMBDA1_0_4 .  (61)

	.  reduce 61


state 85
	fieldAux : IDENT1 EXPR1_19_3 . expr1  (101)

	EXPR1_10_1  shift 3
	EXPR1_21_1  shift 4
	EXPR1_6_0  shift 5
	LAMBDA1_0_5  shift 6
	NUMBER  shift 7
	EXPR1_20_0  shift 8
	IDENT1  shift 9
	STRING  shift 12
	VALUE1_1_0  shift 13
	VALUE1_2_0  shift 14
	FALSE_KW  shift 16
	FUNC_KW  shift 17
	TRUE_KW  shift 19
	UNDEF_KW  shift 20
	.  error

	value1  goto 24
	expr1  goto 127
	expr1Aux  goto 29
	lambda1  goto 30
	value1Aux  goto 31
	bool  goto 32
	lambda1Aux  goto 33
	boolAux  goto 34


state 86
	blockAux : RET_KW expr1 .  (74)

	.  reduce 74


state 87
	blockAux : stmt BLOCK_1_1 . blockAux  (75)

	EXPR1_10_1  shift 3
	EXPR1_21_1  shift 4
	EXPR1_6_0  shift 5
	LAMBDA1_0_5  shift 6
	NUMBER  shift 7
	EXPR1_20_0  shift 8
	IDENT1  shift 9
	STRING  shift 12
	VALUE1_1_0  shift 13
	VALUE1_2_0  shift 14
	CONST_KW  shift 15
	FALSE_KW  shift 16
	FUNC_KW  shift 17
	LET_KW  shift 18
	RET_KW  shift 39
	TRUE_KW  shift 19
	UNDEF_KW  shift 20
	.  error

	value1  goto 24
	expr1  goto 41
	stmt  goto 42
	stmtAux  goto 28
	expr1Aux  goto 29
	lambda1  goto 30
	value1Aux  goto 31
	bool  goto 32
	lambda1Aux  goto 33
	blockAux  goto 128
	boolAux  goto 34


state 88
	expr1Aux : LAMBDA1_0_5 block LAMBDA1_0_7 .  (40)

	.  reduce 40


state 89
	expr1Aux : LAMBDA1_0_5 field_list LAMBDA1_0_7 .  (60)

	.  reduce 60


state 90
	field_list_1_1Aux : Empty .  (80)

	.  reduce 80


state 91
	field_listAux : field field_list_1_1 .  (78)

	.  reduce 78


state 92
	field_list_1_1 : field_list_1_1Aux .  (79)
	field_list_1_1Aux : field_list_1_1Aux . field_list_1_1_0  (81)

	IDENT_LIST_1_1_0_0_0  shift 129
	LAMBDA1_0_7  reduce 79

	field_list_1_1_0  goto 130
	field_list_1_1_0Aux  goto 131


state 93
	expr1Aux : EXPR1_20_0 EXPR1_22_1 EXPR1_20_2 . EXPR1_21_1 expr1Aux LAMBDA1_0_4  (57)

	EXPR1_21_1  shift 132
	.  error


state 94
	sexp1Aux : EXPR1_21_1 sexp1_2_1 . LAMBDA1_0_4  (8)

	LAMBDA1_0_4  shift 133
	.  error


state 95
	sexp1_2_1 : sexp1_2_1Aux .  (9)
	sexp1_2_1Aux : sexp1_2_1Aux . sexp1  (11)

	EXPR1_21_1  shift 50
	NUMBER  shift 7
	IDENT1  shift 51
	STRING  shift 12
	VALUE1_1_0  shift 13
	VALUE1_2_0  shift 14
	FALSE_KW  shift 16
	TRUE_KW  shift 19
	LAMBDA1_0_4  reduce 9

	sexp1  goto 134
	sexp1Aux  goto 53
	value1  goto 54
	value1Aux  goto 31
	bool  goto 32
	boolAux  goto 34


state 96
	sexp1_2_1Aux : Empty .  (10)

	.  reduce 10


state 97
	startAux : START_1_0 sexp1 EOF .  (3)

	.  reduce 3


state 98
	startAux : START_2_0 tests EOF .  (4)

	.  reduce 4


state 99
	identsAux : IDENTS_0_0 . ident_list IDENTS_0_2  (18)
	Empty : .  (105)

	IDENT1  shift 135
	IDENTS_0_2  reduce 105

	Empty  goto 136
	ident_list  goto 137
	ident_listAux  goto 138


state 100
	tests_0_0Aux : tests_0_0Aux test .  (16)

	.  reduce 16


state 101
	testAux : idents . test_0_1 IDENT1 STRING STRING sexp2 sexp2  (20)
	Empty : .  (105)

	IDENTS_0_0  shift 99
	IDENT1  reduce 105

	Empty  goto 139
	idents  goto 140
	identsAux  goto 102
	test_0_1  goto 141
	test_0_1Aux  goto 142


state 102
	idents : identsAux .  (17)

	.  reduce 17


state 103
	test : testAux .  (19)

	.  reduce 19


state 104
	stmtAux : CONST_KW IDENT1 STMT_2_1 . expr1  (33)

	EXPR1_10_1  shift 3
	EXPR1_21_1  shift 4
	EXPR1_6_0  shift 5
	LAMBDA1_0_5  shift 6
	NUMBER  shift 7
	EXPR1_20_0  shift 8
	IDENT1  shift 9
	STRING  shift 12
	VALUE1_1_0  shift 13
	VALUE1_2_0  shift 14
	FALSE_KW  shift 16
	FUNC_KW  shift 17
	TRUE_KW  shift 19
	UNDEF_KW  shift 20
	.  error

	value1  goto 24
	expr1  goto 143
	expr1Aux  goto 29
	lambda1  goto 30
	value1Aux  goto 31
	bool  goto 32
	lambda1Aux  goto 33
	boolAux  goto 34


state 105
	lambda1Aux : FUNC_KW lambda1_0_1 EXPR1_21_1 . ident_list LAMBDA1_0_4 LAMBDA1_0_5 block LAMBDA1_0_7  (69)
	Empty : .  (105)

	IDENT1  shift 135
	LAMBDA1_0_4  reduce 105

	Empty  goto 136
	ident_list  goto 144
	ident_listAux  goto 138


state 106
	stmtAux : LET_KW IDENT1 STMT_2_1 . expr1  (34)

	EXPR1_10_1  shift 3
	EXPR1_21_1  shift 4
	EXPR1_6_0  shift 5
	LAMBDA1_0_5  shift 6
	NUMBER  shift 7
	EXPR1_20_0  shift 8
	IDENT1  shift 9
	STRING  shift 12
	VALUE1_1_0  shift 13
	VALUE1_2_0  shift 14
	FALSE_KW  shift 16
	FUNC_KW  shift 17
	TRUE_KW  shift 19
	UNDEF_KW  shift 20
	.  error

	value1  goto 24
	expr1  goto 145
	expr1Aux  goto 29
	lambda1  goto 30
	value1Aux  goto 31
	bool  goto 32
	lambda1Aux  goto 33
	boolAux  goto 34


state 107
	stmtAux : expr1 STMT_2_1 expr1 .  (35)

	.  reduce 35


state 108
	programAux : stmt BLOCK_1_1 programAux .  (31)

	.  reduce 31


state 109
	expr1Aux : expr1Aux . EXPR1_7_1 expr1Aux  (44)
	expr1Aux : expr1Aux . EXPR1_8_1 expr1Aux  (45)
	expr1Aux : expr1Aux . EXPR1_9_1 expr1Aux  (46)
	expr1Aux : expr1Aux . EXPR1_10_1 expr1Aux  (47)
	expr1Aux : expr1Aux EXPR1_10_1 expr1Aux .  (47)
	expr1Aux : expr1Aux . EXPR1_11_1 expr1Aux  (48)
	expr1Aux : expr1Aux . EXPR1_12_1 expr1Aux  (49)
	expr1Aux : expr1Aux . EXPR1_13_1 expr1Aux  (50)
	expr1Aux : expr1Aux . EXPR1_14_1 expr1Aux  (51)
	expr1Aux : expr1Aux . EXPR1_15_1 expr1Aux  (52)
	expr1Aux : expr1Aux . EXPR1_16_1 expr1Aux  (53)
	expr1Aux : expr1Aux . EXPR1_17_1 expr1Aux  (54)
	expr1Aux : expr1Aux . EXPR1_18_1 expr1Aux  (55)
	expr1Aux : expr1Aux . EXPR1_19_1 expr1Aux EXPR1_19_3 expr1Aux  (56)
	expr1Aux : expr1Aux . EXPR1_21_1 expr_list LAMBDA1_0_4  (58)
	expr1Aux : expr1Aux . EXPR1_22_1 IDENT1  (59)

	EXPR1_21_1  shift 73
	EXPR1_22_1  shift 74
	EXPR1_7_1  shift 75
	EXPR1_8_1  shift 76
	EOF  reduce 47
	BLOCK_1_1  reduce 47
	EXPR1_10_1  reduce 47
	EXPR1_12_1  reduce 47
	EXPR1_14_1  reduce 47
	EXPR1_19_1  reduce 47
	EXPR1_19_3  reduce 47
	EXPR1_9_1  reduce 47
	IDENT_LIST_1_1_0_0_0  reduce 47
	LAMBDA1_0_4  reduce 47
	LAMBDA1_0_7  reduce 47
	STMT_2_1  reduce 47
	EXPR1_11_1  reduce 47
	EXPR1_13_1  reduce 47
	EXPR1_15_1  reduce 47
	EXPR1_16_1  reduce 47
	EXPR1_17_1  reduce 47
	EXPR1_18_1  reduce 47


state 110
	expr1Aux : expr1Aux . EXPR1_7_1 expr1Aux  (44)
	expr1Aux : expr1Aux . EXPR1_8_1 expr1Aux  (45)
	expr1Aux : expr1Aux . EXPR1_9_1 expr1Aux  (46)
	expr1Aux : expr1Aux . EXPR1_10_1 expr1Aux  (47)
	expr1Aux : expr1Aux . EXPR1_11_1 expr1Aux  (48)
	expr1Aux : expr1Aux . EXPR1_12_1 expr1Aux  (49)
	expr1Aux : expr1Aux EXPR1_12_1 expr1Aux .  (49)
	expr1Aux : expr1Aux . EXPR1_13_1 expr1Aux  (50)
	expr1Aux : expr1Aux . EXPR1_14_1 expr1Aux  (51)
	expr1Aux : expr1Aux . EXPR1_15_1 expr1Aux  (52)
	expr1Aux : expr1Aux . EXPR1_16_1 expr1Aux  (53)
	expr1Aux : expr1Aux . EXPR1_17_1 expr1Aux  (54)
	expr1Aux : expr1Aux . EXPR1_18_1 expr1Aux  (55)
	expr1Aux : expr1Aux . EXPR1_19_1 expr1Aux EXPR1_19_3 expr1Aux  (56)
	expr1Aux : expr1Aux . EXPR1_21_1 expr_list LAMBDA1_0_4  (58)
	expr1Aux : expr1Aux . EXPR1_22_1 IDENT1  (59)

	EXPR1_10_1  shift 69
	EXPR1_21_1  shift 73
	EXPR1_22_1  shift 74
	EXPR1_7_1  shift 75
	EXPR1_8_1  shift 76
	EXPR1_9_1  shift 77
	EOF  reduce 49
	BLOCK_1_1  reduce 49
	EXPR1_12_1  reduce 49
	EXPR1_14_1  reduce 49
	EXPR1_19_1  reduce 49
	EXPR1_19_3  reduce 49
	IDENT_LIST_1_1_0_0_0  reduce 49
	LAMBDA1_0_4  reduce 49
	LAMBDA1_0_7  reduce 49
	STMT_2_1  reduce 49
	EXPR1_11_1  reduce 49
	EXPR1_13_1  reduce 49
	EXPR1_15_1  reduce 49
	EXPR1_16_1  reduce 49
	EXPR1_17_1  reduce 49
	EXPR1_18_1  reduce 49


state 111
	expr1Aux : expr1Aux . EXPR1_7_1 expr1Aux  (44)
	expr1Aux : expr1Aux . EXPR1_8_1 expr1Aux  (45)
	expr1Aux : expr1Aux . EXPR1_9_1 expr1Aux  (46)
	expr1Aux : expr1Aux . EXPR1_10_1 expr1Aux  (47)
	expr1Aux : expr1Aux . EXPR1_11_1 expr1Aux  (48)
	expr1Aux : expr1Aux . EXPR1_12_1 expr1Aux  (49)
	expr1Aux : expr1Aux . EXPR1_13_1 expr1Aux  (50)
	expr1Aux : expr1Aux . EXPR1_14_1 expr1Aux  (51)
	expr1Aux : expr1Aux EXPR1_14_1 expr1Aux .  (51)
	expr1Aux : expr1Aux . EXPR1_15_1 expr1Aux  (52)
	expr1Aux : expr1Aux . EXPR1_16_1 expr1Aux  (53)
	expr1Aux : expr1Aux . EXPR1_17_1 expr1Aux  (54)
	expr1Aux : expr1Aux . EXPR1_18_1 expr1Aux  (55)
	expr1Aux : expr1Aux . EXPR1_19_1 expr1Aux EXPR1_19_3 expr1Aux  (56)
	expr1Aux : expr1Aux . EXPR1_21_1 expr_list LAMBDA1_0_4  (58)
	expr1Aux : expr1Aux . EXPR1_22_1 IDENT1  (59)

	EXPR1_10_1  shift 69
	EXPR1_21_1  shift 73
	EXPR1_22_1  shift 74
	EXPR1_7_1  shift 75
	EXPR1_8_1  shift 76
	EXPR1_9_1  shift 77
	EOF  reduce 51
	BLOCK_1_1  reduce 51
	EXPR1_12_1  reduce 51
	EXPR1_14_1  reduce 51
	EXPR1_19_1  reduce 51
	EXPR1_19_3  reduce 51
	IDENT_LIST_1_1_0_0_0  reduce 51
	LAMBDA1_0_4  reduce 51
	LAMBDA1_0_7  reduce 51
	STMT_2_1  reduce 51
	EXPR1_11_1  reduce 51
	EXPR1_13_1  reduce 51
	EXPR1_15_1  reduce 51
	EXPR1_16_1  reduce 51
	EXPR1_17_1  reduce 51
	EXPR1_18_1  reduce 51


state 112
	expr1Aux : expr1Aux . EXPR1_7_1 expr1Aux  (44)
	expr1Aux : expr1Aux . EXPR1_8_1 expr1Aux  (45)
	expr1Aux : expr1Aux . EXPR1_9_1 expr1Aux  (46)
	expr1Aux : expr1Aux . EXPR1_10_1 expr1Aux  (47)
	expr1Aux : expr1Aux . EXPR1_11_1 expr1Aux  (48)
	expr1Aux : expr1Aux . EXPR1_12_1 expr1Aux  (49)
	expr1Aux : expr1Aux . EXPR1_13_1 expr1Aux  (50)
	expr1Aux : expr1Aux . EXPR1_14_1 expr1Aux  (51)
	expr1Aux : expr1Aux . EXPR1_15_1 expr1Aux  (52)
	expr1Aux : expr1Aux . EXPR1_16_1 expr1Aux  (53)
	expr1Aux : expr1Aux . EXPR1_17_1 expr1Aux  (54)
	expr1Aux : expr1Aux . EXPR1_18_1 expr1Aux  (55)
	expr1Aux : expr1Aux . EXPR1_19_1 expr1Aux EXPR1_19_3 expr1Aux  (56)
	expr1Aux : expr1Aux EXPR1_19_1 expr1Aux . EXPR1_19_3 expr1Aux  (56)
	expr1Aux : expr1Aux . EXPR1_21_1 expr_list LAMBDA1_0_4  (58)
	expr1Aux : expr1Aux . EXPR1_22_1 IDENT1  (59)

	EXPR1_10_1  shift 69
	EXPR1_12_1  shift 70
	EXPR1_14_1  shift 71
	EXPR1_19_1  shift 72
	EXPR1_19_3  shift 146
	EXPR1_21_1  shift 73
	EXPR1_22_1  shift 74
	EXPR1_7_1  shift 75
	EXPR1_8_1  shift 76
	EXPR1_9_1  shift 77
	EXPR1_11_1  shift 78
	EXPR1_13_1  shift 79
	EXPR1_15_1  shift 80
	EXPR1_16_1  shift 81
	EXPR1_17_1  shift 82
	EXPR1_18_1  shift 83
	.  error


state 113
	expr_listAux : Empty .  (85)

	.  reduce 85


state 114
	expr_listAux : expr1 . expr_list_1_1  (86)
	Empty : .  (105)

	.  reduce 105

	Empty  goto 147
	expr_list_1_1  goto 148
	expr_list_1_1Aux  goto 149


state 115
	expr1Aux : expr1Aux EXPR1_21_1 expr_list . LAMBDA1_0_4  (58)

	LAMBDA1_0_4  shift 150
	.  error


state 116
	expr_list : expr_listAux .  (84)

	.  reduce 84


state 117
	expr1Aux : expr1Aux EXPR1_22_1 IDENT1 .  (59)

	.  reduce 59


state 118
	expr1Aux : expr1Aux . EXPR1_7_1 expr1Aux  (44)
	expr1Aux : expr1Aux EXPR1_7_1 expr1Aux .  (44)
	expr1Aux : expr1Aux . EXPR1_8_1 expr1Aux  (45)
	expr1Aux : expr1Aux . EXPR1_9_1 expr1Aux  (46)
	expr1Aux : expr1Aux . EXPR1_10_1 expr1Aux  (47)
	expr1Aux : expr1Aux . EXPR1_11_1 expr1Aux  (48)
	expr1Aux : expr1Aux . EXPR1_12_1 expr1Aux  (49)
	expr1Aux : expr1Aux . EXPR1_13_1 expr1Aux  (50)
	expr1Aux : expr1Aux . EXPR1_14_1 expr1Aux  (51)
	expr1Aux : expr1Aux . EXPR1_15_1 expr1Aux  (52)
	expr1Aux : expr1Aux . EXPR1_16_1 expr1Aux  (53)
	expr1Aux : expr1Aux . EXPR1_17_1 expr1Aux  (54)
	expr1Aux : expr1Aux . EXPR1_18_1 expr1Aux  (55)
	expr1Aux : expr1Aux . EXPR1_19_1 expr1Aux EXPR1_19_3 expr1Aux  (56)
	expr1Aux : expr1Aux . EXPR1_21_1 expr_list LAMBDA1_0_4  (58)
	expr1Aux : expr1Aux . EXPR1_22_1 IDENT1  (59)

	EXPR1_21_1  shift 73
	EXPR1_22_1  shift 74
	EOF  reduce 44
	BLOCK_1_1  reduce 44
	EXPR1_10_1  reduce 44
	EXPR1_12_1  reduce 44
	EXPR1_14_1  reduce 44
	EXPR1_19_1  reduce 44
	EXPR1_19_3  reduce 44
	EXPR1_7_1  reduce 44
	EXPR1_8_1  reduce 44
	EXPR1_9_1  reduce 44
	IDENT_LIST_1_1_0_0_0  reduce 44
	LAMBDA1_0_4  reduce 44
	LAMBDA1_0_7  reduce 44
	STMT_2_1  reduce 44
	EXPR1_11_1  reduce 44
	EXPR1_13_1  reduce 44
	EXPR1_15_1  reduce 44
	EXPR1_16_1  reduce 44
	EXPR1_17_1  reduce 44
	EXPR1_18_1  reduce 44


state 119
	expr1Aux : expr1Aux . EXPR1_7_1 expr1Aux  (44)
	expr1Aux : expr1Aux . EXPR1_8_1 expr1Aux  (45)
	expr1Aux : expr1Aux EXPR1_8_1 expr1Aux .  (45)
	expr1Aux : expr1Aux . EXPR1_9_1 expr1Aux  (46)
	expr1Aux : expr1Aux . EXPR1_10_1 expr1Aux  (47)
	expr1Aux : expr1Aux . EXPR1_11_1 expr1Aux  (48)
	expr1Aux : expr1Aux . EXPR1_12_1 expr1Aux  (49)
	expr1Aux : expr1Aux . EXPR1_13_1 expr1Aux  (50)
	expr1Aux : expr1Aux . EXPR1_14_1 expr1Aux  (51)
	expr1Aux : expr1Aux . EXPR1_15_1 expr1Aux  (52)
	expr1Aux : expr1Aux . EXPR1_16_1 expr1Aux  (53)
	expr1Aux : expr1Aux . EXPR1_17_1 expr1Aux  (54)
	expr1Aux : expr1Aux . EXPR1_18_1 expr1Aux  (55)
	expr1Aux : expr1Aux . EXPR1_19_1 expr1Aux EXPR1_19_3 expr1Aux  (56)
	expr1Aux : expr1Aux . EXPR1_21_1 expr_list LAMBDA1_0_4  (58)
	expr1Aux : expr1Aux . EXPR1_22_1 IDENT1  (59)

	EXPR1_21_1  shift 73
	EXPR1_22_1  shift 74
	EOF  reduce 45
	BLOCK_1_1  reduce 45
	EXPR1_10_1  reduce 45
	EXPR1_12_1  reduce 45
	EXPR1_14_1  reduce 45
	EXPR1_19_1  reduce 45
	EXPR1_19_3  reduce 45
	EXPR1_7_1  reduce 45
	EXPR1_8_1  reduce 45
	EXPR1_9_1  reduce 45
	IDENT_LIST_1_1_0_0_0  reduce 45
	LAMBDA1_0_4  reduce 45
	LAMBDA1_0_7  reduce 45
	STMT_2_1  reduce 45
	EXPR1_11_1  reduce 45
	EXPR1_13_1  reduce 45
	EXPR1_15_1  reduce 45
	EXPR1_16_1  reduce 45
	EXPR1_17_1  reduce 45
	EXPR1_18_1  reduce 45


state 120
	expr1Aux : expr1Aux . EXPR1_7_1 expr1Aux  (44)
	expr1Aux : expr1Aux . EXPR1_8_1 expr1Aux  (45)
	expr1Aux : expr1Aux . EXPR1_9_1 expr1Aux  (46)
	expr1Aux : expr1Aux EXPR1_9_1 expr1Aux .  (46)
	expr1Aux : expr1Aux . EXPR1_10_1 expr1Aux  (47)
	expr1Aux : expr1Aux . EXPR1_11_1 expr1Aux  (48)
	expr1Aux : expr1Aux . EXPR1_12_1 expr1Aux  (49)
	expr1Aux : expr1Aux . EXPR1_13_1 expr1Aux  (50)
	expr1Aux : expr1Aux . EXPR1_14_1 expr1Aux  (51)
	expr1Aux : expr1Aux . EXPR1_15_1 expr1Aux  (52)
	expr1Aux : expr1Aux . EXPR1_16_1 expr1Aux  (53)
	expr1Aux : expr1Aux . EXPR1_17_1 expr1Aux  (54)
	expr1Aux : expr1Aux . EXPR1_18_1 expr1Aux  (55)
	expr1Aux : expr1Aux . EXPR1_19_1 expr1Aux EXPR1_19_3 expr1Aux  (56)
	expr1Aux : expr1Aux . EXPR1_21_1 expr_list LAMBDA1_0_4  (58)
	expr1Aux : expr1Aux . EXPR1_22_1 IDENT1  (59)

	EXPR1_21_1  shift 73
	EXPR1_22_1  shift 74
	EXPR1_7_1  shift 75
	EXPR1_8_1  shift 76
	EOF  reduce 46
	BLOCK_1_1  reduce 46
	EXPR1_10_1  reduce 46
	EXPR1_12_1  reduce 46
	EXPR1_14_1  reduce 46
	EXPR1_19_1  reduce 46
	EXPR1_19_3  reduce 46
	EXPR1_9_1  reduce 46
	IDENT_LIST_1_1_0_0_0  reduce 46
	LAMBDA1_0_4  reduce 46
	LAMBDA1_0_7  reduce 46
	STMT_2_1  reduce 46
	EXPR1_11_1  reduce 46
	EXPR1_13_1  reduce 46
	EXPR1_15_1  reduce 46
	EXPR1_16_1  reduce 46
	EXPR1_17_1  reduce 46
	EXPR1_18_1  reduce 46


state 121
	expr1Aux : expr1Aux . EXPR1_7_1 expr1Aux  (44)
	expr1Aux : expr1Aux . EXPR1_8_1 expr1Aux  (45)
	expr1Aux : expr1Aux . EXPR1_9_1 expr1Aux  (46)
	expr1Aux : expr1Aux . EXPR1_10_1 expr1Aux  (47)
	expr1Aux : expr1Aux . EXPR1_11_1 expr1Aux  (48)
	expr1Aux : expr1Aux EXPR1_11_1 expr1Aux .  (48)
	expr1Aux : expr1Aux . EXPR1_12_1 expr1Aux  (49)
	expr1Aux : expr1Aux . EXPR1_13_1 expr1Aux  (50)
	expr1Aux : expr1Aux . EXPR1_14_1 expr1Aux  (51)
	expr1Aux : expr1Aux . EXPR1_15_1 expr1Aux  (52)
	expr1Aux : expr1Aux . EXPR1_16_1 expr1Aux  (53)
	expr1Aux : expr1Aux . EXPR1_17_1 expr1Aux  (54)
	expr1Aux : expr1Aux . EXPR1_18_1 expr1Aux  (55)
	expr1Aux : expr1Aux . EXPR1_19_1 expr1Aux EXPR1_19_3 expr1Aux  (56)
	expr1Aux : expr1Aux . EXPR1_21_1 expr_list LAMBDA1_0_4  (58)
	expr1Aux : expr1Aux . EXPR1_22_1 IDENT1  (59)

	EXPR1_10_1  shift 69
	EXPR1_21_1  shift 73
	EXPR1_22_1  shift 74
	EXPR1_7_1  shift 75
	EXPR1_8_1  shift 76
	EXPR1_9_1  shift 77
	EOF  reduce 48
	BLOCK_1_1  reduce 48
	EXPR1_12_1  reduce 48
	EXPR1_14_1  reduce 48
	EXPR1_19_1  reduce 48
	EXPR1_19_3  reduce 48
	IDENT_LIST_1_1_0_0_0  reduce 48
	LAMBDA1_0_4  reduce 48
	LAMBDA1_0_7  reduce 48
	STMT_2_1  reduce 48
	EXPR1_11_1  reduce 48
	EXPR1_13_1  reduce 48
	EXPR1_15_1  reduce 48
	EXPR1_16_1  reduce 48
	EXPR1_17_1  reduce 48
	EXPR1_18_1  reduce 48


state 122
	expr1Aux : expr1Aux . EXPR1_7_1 expr1Aux  (44)
	expr1Aux : expr1Aux . EXPR1_8_1 expr1Aux  (45)
	expr1Aux : expr1Aux . EXPR1_9_1 expr1Aux  (46)
	expr1Aux : expr1Aux . EXPR1_10_1 expr1Aux  (47)
	expr1Aux : expr1Aux . EXPR1_11_1 expr1Aux  (48)
	expr1Aux : expr1Aux . EXPR1_12_1 expr1Aux  (49)
	expr1Aux : expr1Aux . EXPR1_13_1 expr1Aux  (50)
	expr1Aux : expr1Aux EXPR1_13_1 expr1Aux .  (50)
	expr1Aux : expr1Aux . EXPR1_14_1 expr1Aux  (51)
	expr1Aux : expr1Aux . EXPR1_15_1 expr1Aux  (52)
	expr1Aux : expr1Aux . EXPR1_16_1 expr1Aux  (53)
	expr1Aux : expr1Aux . EXPR1_17_1 expr1Aux  (54)
	expr1Aux : expr1Aux . EXPR1_18_1 expr1Aux  (55)
	expr1Aux : expr1Aux . EXPR1_19_1 expr1Aux EXPR1_19_3 expr1Aux  (56)
	expr1Aux : expr1Aux . EXPR1_21_1 expr_list LAMBDA1_0_4  (58)
	expr1Aux : expr1Aux . EXPR1_22_1 IDENT1  (59)

	EXPR1_10_1  shift 69
	EXPR1_21_1  shift 73
	EXPR1_22_1  shift 74
	EXPR1_7_1  shift 75
	EXPR1_8_1  shift 76
	EXPR1_9_1  shift 77
	EOF  reduce 50
	BLOCK_1_1  reduce 50
	EXPR1_12_1  reduce 50
	EXPR1_14_1  reduce 50
	EXPR1_19_1  reduce 50
	EXPR1_19_3  reduce 50
	IDENT_LIST_1_1_0_0_0  reduce 50
	LAMBDA1_0_4  reduce 50
	LAMBDA1_0_7  reduce 50
	STMT_2_1  reduce 50
	EXPR1_11_1  reduce 50
	EXPR1_13_1  reduce 50
	EXPR1_15_1  reduce 50
	EXPR1_16_1  reduce 50
	EXPR1_17_1  reduce 50
	EXPR1_18_1  reduce 50


state 123
	expr1Aux : expr1Aux . EXPR1_7_1 expr1Aux  (44)
	expr1Aux : expr1Aux . EXPR1_8_1 expr1Aux  (45)
	expr1Aux : expr1Aux . EXPR1_9_1 expr1Aux  (46)
	expr1Aux : expr1Aux . EXPR1_10_1 expr1Aux  (47)
	expr1Aux : expr1Aux . EXPR1_11_1 expr1Aux  (48)
	expr1Aux : expr1Aux . EXPR1_12_1 expr1Aux  (49)
	expr1Aux : expr1Aux . EXPR1_13_1 expr1Aux  (50)
	expr1Aux : expr1Aux . EXPR1_14_1 expr1Aux  (51)
	expr1Aux : expr1Aux . EXPR1_15_1 expr1Aux  (52)
	expr1Aux : expr1Aux EXPR1_15_1 expr1Aux .  (52)
	expr1Aux : expr1Aux . EXPR1_16_1 expr1Aux  (53)
	expr1Aux : expr1Aux . EXPR1_17_1 expr1Aux  (54)
	expr1Aux : expr1Aux . EXPR1_18_1 expr1Aux  (55)
	expr1Aux : expr1Aux . EXPR1_19_1 expr1Aux EXPR1_19_3 expr1Aux  (56)
	expr1Aux : expr1Aux . EXPR1_21_1 expr_list LAMBDA1_0_4  (58)
	expr1Aux : expr1Aux . EXPR1_22_1 IDENT1  (59)

	EXPR1_10_1  shift 69
	EXPR1_12_1  shift 70
	EXPR1_14_1  shift 71
	EXPR1_21_1  shift 73
	EXPR1_22_1  shift 74
	EXPR1_7_1  shift 75
	EXPR1_8_1  shift 76
	EXPR1_9_1  shift 77
	EXPR1_11_1  shift 78
	EXPR1_13_1  shift 79
	EOF  reduce 52
	BLOCK_1_1  reduce 52
	EXPR1_19_1  reduce 52
	EXPR1_19_3  reduce 52
	IDENT_LIST_1_1_0_0_0  reduce 52
	LAMBDA1_0_4  reduce 52
	LAMBDA1_0_7  reduce 52
	STMT_2_1  reduce 52
	EXPR1_15_1  reduce 52
	EXPR1_16_1  reduce 52
	EXPR1_17_1  reduce 52
	EXPR1_18_1  reduce 52


state 124
	expr1Aux : expr1Aux . EXPR1_7_1 expr1Aux  (44)
	expr1Aux : expr1Aux . EXPR1_8_1 expr1Aux  (45)
	expr1Aux : expr1Aux . EXPR1_9_1 expr1Aux  (46)
	expr1Aux : expr1Aux . EXPR1_10_1 expr1Aux  (47)
	expr1Aux : expr1Aux . EXPR1_11_1 expr1Aux  (48)
	expr1Aux : expr1Aux . EXPR1_12_1 expr1Aux  (49)
	expr1Aux : expr1Aux . EXPR1_13_1 expr1Aux  (50)
	expr1Aux : expr1Aux . EXPR1_14_1 expr1Aux  (51)
	expr1Aux : expr1Aux . EXPR1_15_1 expr1Aux  (52)
	expr1Aux : expr1Aux . EXPR1_16_1 expr1Aux  (53)
	expr1Aux : expr1Aux EXPR1_16_1 expr1Aux .  (53)
	expr1Aux : expr1Aux . EXPR1_17_1 expr1Aux  (54)
	expr1Aux : expr1Aux . EXPR1_18_1 expr1Aux  (55)
	expr1Aux : expr1Aux . EXPR1_19_1 expr1Aux EXPR1_19_3 expr1Aux  (56)
	expr1Aux : expr1Aux . EXPR1_21_1 expr_list LAMBDA1_0_4  (58)
	expr1Aux : expr1Aux . EXPR1_22_1 IDENT1  (59)

	EXPR1_10_1  shift 69
	EXPR1_12_1  shift 70
	EXPR1_14_1  shift 71
	EXPR1_21_1  shift 73
	EXPR1_22_1  shift 74
	EXPR1_7_1  shift 75
	EXPR1_8_1  shift 76
	EXPR1_9_1  shift 77
	EXPR1_11_1  shift 78
	EXPR1_13_1  shift 79
	EOF  reduce 53
	BLOCK_1_1  reduce 53
	EXPR1_19_1  reduce 53
	EXPR1_19_3  reduce 53
	IDENT_LIST_1_1_0_0_0  reduce 53
	LAMBDA1_0_4  reduce 53
	LAMBDA1_0_7  reduce 53
	STMT_2_1  reduce 53
	EXPR1_15_1  reduce 53
	EXPR1_16_1  reduce 53
	EXPR1_17_1  reduce 53
	EXPR1_18_1  reduce 53


state 125
	expr1Aux : expr1Aux . EXPR1_7_1 expr1Aux  (44)
	expr1Aux : expr1Aux . EXPR1_8_1 expr1Aux  (45)
	expr1Aux : expr1Aux . EXPR1_9_1 expr1Aux  (46)
	expr1Aux : expr1Aux . EXPR1_10_1 expr1Aux  (47)
	expr1Aux : expr1Aux . EXPR1_11_1 expr1Aux  (48)
	expr1Aux : expr1Aux . EXPR1_12_1 expr1Aux  (49)
	expr1Aux : expr1Aux . EXPR1_13_1 expr1Aux  (50)
	expr1Aux : expr1Aux . EXPR1_14_1 expr1Aux  (51)
	expr1Aux : expr1Aux . EXPR1_15_1 expr1Aux  (52)
	expr1Aux : expr1Aux . EXPR1_16_1 expr1Aux  (53)
	expr1Aux : expr1Aux . EXPR1_17_1 expr1Aux  (54)
	expr1Aux : expr1Aux EXPR1_17_1 expr1Aux .  (54)
	expr1Aux : expr1Aux . EXPR1_18_1 expr1Aux  (55)
	expr1Aux : expr1Aux . EXPR1_19_1 expr1Aux EXPR1_19_3 expr1Aux  (56)
	expr1Aux : expr1Aux . EXPR1_21_1 expr_list LAMBDA1_0_4  (58)
	expr1Aux : expr1Aux . EXPR1_22_1 IDENT1  (59)

	EXPR1_10_1  shift 69
	EXPR1_12_1  shift 70
	EXPR1_14_1  shift 71
	EXPR1_21_1  shift 73
	EXPR1_22_1  shift 74
	EXPR1_7_1  shift 75
	EXPR1_8_1  shift 76
	EXPR1_9_1  shift 77
	EXPR1_11_1  shift 78
	EXPR1_13_1  shift 79
	EXPR1_15_1  shift 80
	EXPR1_16_1  shift 81
	EOF  reduce 54
	BLOCK_1_1  reduce 54
	EXPR1_19_1  reduce 54
	EXPR1_19_3  reduce 54
	IDENT_LIST_1_1_0_0_0  reduce 54
	LAMBDA1_0_4  reduce 54
	LAMBDA1_0_7  reduce 54
	STMT_2_1  reduce 54
	EXPR1_17_1  reduce 54
	EXPR1_18_1  reduce 54


state 126
	expr1Aux : expr1Aux . EXPR1_7_1 expr1Aux  (44)
	expr1Aux : expr1Aux . EXPR1_8_1 expr1Aux  (45)
	expr1Aux : expr1Aux . EXPR1_9_1 expr1Aux  (46)
	expr1Aux : expr1Aux . EXPR1_10_1 expr1Aux  (47)
	expr1Aux : expr1Aux . EXPR1_11_1 expr1Aux  (48)
	expr1Aux : expr1Aux . EXPR1_12_1 expr1Aux  (49)
	expr1Aux : expr1Aux . EXPR1_13_1 expr1Aux  (50)
	expr1Aux : expr1Aux . EXPR1_14_1 expr1Aux  (51)
	expr1Aux : expr1Aux . EXPR1_15_1 expr1Aux  (52)
	expr1Aux : expr1Aux . EXPR1_16_1 expr1Aux  (53)
	expr1Aux : expr1Aux . EXPR1_17_1 expr1Aux  (54)
	expr1Aux : expr1Aux . EXPR1_18_1 expr1Aux  (55)
	expr1Aux : expr1Aux EXPR1_18_1 expr1Aux .  (55)
	expr1Aux : expr1Aux . EXPR1_19_1 expr1Aux EXPR1_19_3 expr1Aux  (56)
	expr1Aux : expr1Aux . EXPR1_21_1 expr_list LAMBDA1_0_4  (58)
	expr1Aux : expr1Aux . EXPR1_22_1 IDENT1  (59)

	EXPR1_10_1  shift 69
	EXPR1_12_1  shift 70
	EXPR1_14_1  shift 71
	EXPR1_21_1  shift 73
	EXPR1_22_1  shift 74
	EXPR1_7_1  shift 75
	EXPR1_8_1  shift 76
	EXPR1_9_1  shift 77
	EXPR1_11_1  shift 78
	EXPR1_13_1  shift 79
	EXPR1_15_1  shift 80
	EXPR1_16_1  shift 81
	EXPR1_17_1  shift 82
	EOF  reduce 55
	BLOCK_1_1  reduce 55
	EXPR1_19_1  reduce 55
	EXPR1_19_3  reduce 55
	IDENT_LIST_1_1_0_0_0  reduce 55
	LAMBDA1_0_4  reduce 55
	LAMBDA1_0_7  reduce 55
	STMT_2_1  reduce 55
	EXPR1_18_1  reduce 55


state 127
	fieldAux : IDENT1 EXPR1_19_3 expr1 .  (101)

	.  reduce 101


state 128
	blockAux : stmt BLOCK_1_1 blockAux .  (75)

	.  reduce 75


state 129
	field_list_1_1_0Aux : IDENT_LIST_1_1_0_0_0 . field  (83)

	IDENT1  shift 151
	.  error

	field  goto 152
	fieldAux  goto 48


state 130
	field_list_1_1Aux : field_list_1_1Aux field_list_1_1_0 .  (81)

	.  reduce 81


state 131
	field_list_1_1_0 : field_list_1_1_0Aux .  (82)

	.  reduce 82


state 132
	expr1Aux : EXPR1_20_0 EXPR1_22_1 EXPR1_20_2 EXPR1_21_1 . expr1Aux LAMBDA1_0_4  (57)

	EXPR1_10_1  shift 3
	EXPR1_21_1  shift 4
	EXPR1_6_0  shift 5
	LAMBDA1_0_5  shift 6
	NUMBER  shift 7
	EXPR1_20_0  shift 8
	IDENT1  shift 9
	STRING  shift 12
	VALUE1_1_0  shift 13
	VALUE1_2_0  shift 14
	FALSE_KW  shift 16
	FUNC_KW  shift 17
	TRUE_KW  shift 19
	UNDEF_KW  shift 20
	.  error

	value1  goto 24
	expr1Aux  goto 153
	lambda1  goto 30
	value1Aux  goto 31
	bool  goto 32
	lambda1Aux  goto 33
	boolAux  goto 34


state 133
	sexp1Aux : EXPR1_21_1 sexp1_2_1 LAMBDA1_0_4 .  (8)

	.  reduce 8


state 134
	sexp1_2_1Aux : sexp1_2_1Aux sexp1 .  (11)

	.  reduce 11


state 135
	ident_listAux : IDENT1 . ident_list_1_1  (94)
	Empty : .  (105)

	.  reduce 105

	Empty  goto 154
	ident_list_1_1  goto 155
	ident_list_1_1Aux  goto 156


state 136
	ident_listAux : Empty .  (93)

	.  reduce 93


state 137
	identsAux : IDENTS_0_0 ident_list . IDENTS_0_2  (18)

	IDENTS_0_2  shift 157
	.  error


state 138
	ident_list : ident_listAux .  (92)

	.  reduce 92


state 139
	test_0_1Aux : Empty .  (22)

	.  reduce 22


state 140
	test_0_1Aux : idents .  (23)

	.  reduce 23


state 141
	testAux : idents test_0_1 . IDENT1 STRING STRING sexp2 sexp2  (20)

	IDENT1  shift 158
	.  error


state 142
	test_0_1 : test_0_1Aux .  (21)

	.  reduce 21


state 143
	stmtAux : CONST_KW IDENT1 STMT_2_1 expr1 .  (33)

	.  reduce 33


state 144
	lambda1Aux : FUNC_KW lambda1_0_1 EXPR1_21_1 ident_list . LAMBDA1_0_4 LAMBDA1_0_5 block LAMBDA1_0_7  (69)

	LAMBDA1_0_4  shift 159
	.  error


state 145
	stmtAux : LET_KW IDENT1 STMT_2_1 expr1 .  (34)

	.  reduce 34


state 146
	expr1Aux : expr1Aux EXPR1_19_1 expr1Aux EXPR1_19_3 . expr1Aux  (56)

	EXPR1_10_1  shift 3
	EXPR1_21_1  shift 4
	EXPR1_6_0  shift 5
	LAMBDA1_0_5  shift 6
	NUMBER  shift 7
	EXPR1_20_0  shift 8
	IDENT1  shift 9
	STRING  shift 12
	VALUE1_1_0  shift 13
	VALUE1_2_0  shift 14
	FALSE_KW  shift 16
	FUNC_KW  shift 17
	TRUE_KW  shift 19
	UNDEF_KW  shift 20
	.  error

	value1  goto 24
	expr1Aux  goto 160
	lambda1  goto 30
	value1Aux  goto 31
	bool  goto 32
	lambda1Aux  goto 33
	boolAux  goto 34


state 147
	expr_list_1_1Aux : Empty .  (88)

	.  reduce 88


state 148
	expr_listAux : expr1 expr_list_1_1 .  (86)

	.  reduce 86


state 149
	expr_list_1_1 : expr_list_1_1Aux .  (87)
	expr_list_1_1Aux : expr_list_1_1Aux . expr_list_1_1_0  (89)

	IDENT_LIST_1_1_0_0_0  shift 161
	LAMBDA1_0_4  reduce 87

	expr_list_1_1_0  goto 162
	expr_list_1_1_0Aux  goto 163


state 150
	expr1Aux : expr1Aux EXPR1_21_1 expr_list LAMBDA1_0_4 .  (58)

	.  reduce 58


state 151
	fieldAux : IDENT1 . EXPR1_19_3 expr1  (101)

	EXPR1_19_3  shift 85
	.  error


state 152
	field_list_1_1_0Aux : IDENT_LIST_1_1_0_0_0 field .  (83)

	.  reduce 83


state 153
	expr1Aux : expr1Aux . EXPR1_7_1 expr1Aux  (44)
	expr1Aux : expr1Aux . EXPR1_8_1 expr1Aux  (45)
	expr1Aux : expr1Aux . EXPR1_9_1 expr1Aux  (46)
	expr1Aux : expr1Aux . EXPR1_10_1 expr1Aux  (47)
	expr1Aux : expr1Aux . EXPR1_11_1 expr1Aux  (48)
	expr1Aux : expr1Aux . EXPR1_12_1 expr1Aux  (49)
	expr1Aux : expr1Aux . EXPR1_13_1 expr1Aux  (50)
	expr1Aux : expr1Aux . EXPR1_14_1 expr1Aux  (51)
	expr1Aux : expr1Aux . EXPR1_15_1 expr1Aux  (52)
	expr1Aux : expr1Aux . EXPR1_16_1 expr1Aux  (53)
	expr1Aux : expr1Aux . EXPR1_17_1 expr1Aux  (54)
	expr1Aux : expr1Aux . EXPR1_18_1 expr1Aux  (55)
	expr1Aux : expr1Aux . EXPR1_19_1 expr1Aux EXPR1_19_3 expr1Aux  (56)
	expr1Aux : EXPR1_20_0 EXPR1_22_1 EXPR1_20_2 EXPR1_21_1 expr1Aux . LAMBDA1_0_4  (57)
	expr1Aux : expr1Aux . EXPR1_21_1 expr_list LAMBDA1_0_4  (58)
	expr1Aux : expr1Aux . EXPR1_22_1 IDENT1  (59)

	EXPR1_10_1  shift 69
	EXPR1_12_1  shift 70
	EXPR1_14_1  shift 71
	EXPR1_19_1  shift 72
	EXPR1_21_1  shift 73
	EXPR1_22_1  shift 74
	EXPR1_7_1  shift 75
	EXPR1_8_1  shift 76
	EXPR1_9_1  shift 77
	LAMBDA1_0_4  shift 164
	EXPR1_11_1  shift 78
	EXPR1_13_1  shift 79
	EXPR1_15_1  shift 80
	EXPR1_16_1  shift 81
	EXPR1_17_1  shift 82
	EXPR1_18_1  shift 83
	.  error


state 154
	ident_list_1_1Aux : Empty .  (96)

	.  reduce 96


state 155
	ident_listAux : IDENT1 ident_list_1_1 .  (94)

	.  reduce 94


state 156
	ident_list_1_1 : ident_list_1_1Aux .  (95)
	ident_list_1_1Aux : ident_list_1_1Aux . ident_list_1_1_0  (97)

	IDENT_LIST_1_1_0_0_0  shift 165
	IDENTS_0_2  reduce 95
	LAMBDA1_0_4  reduce 95

	ident_list_1_1_0  goto 166
	ident_list_1_1_0Aux  goto 167


state 157
	identsAux : IDENTS_0_0 ident_list IDENTS_0_2 .  (18)

	.  reduce 18


state 158
	testAux : idents test_0_1 IDENT1 . STRING STRING sexp2 sexp2  (20)

	STRING  shift 168
	.  error


state 159
	lambda1Aux : FUNC_KW lambda1_0_1 EXPR1_21_1 ident_list LAMBDA1_0_4 . LAMBDA1_0_5 block LAMBDA1_0_7  (69)

	LAMBDA1_0_5  shift 169
	.  error


state 160
	expr1Aux : expr1Aux . EXPR1_7_1 expr1Aux  (44)
	expr1Aux : expr1Aux . EXPR1_8_1 expr1Aux  (45)
	expr1Aux : expr1Aux . EXPR1_9_1 expr1Aux  (46)
	expr1Aux : expr1Aux . EXPR1_10_1 expr1Aux  (47)
	expr1Aux : expr1Aux . EXPR1_11_1 expr1Aux  (48)
	expr1Aux : expr1Aux . EXPR1_12_1 expr1Aux  (49)
	expr1Aux : expr1Aux . EXPR1_13_1 expr1Aux  (50)
	expr1Aux : expr1Aux . EXPR1_14_1 expr1Aux  (51)
	expr1Aux : expr1Aux . EXPR1_15_1 expr1Aux  (52)
	expr1Aux : expr1Aux . EXPR1_16_1 expr1Aux  (53)
	expr1Aux : expr1Aux . EXPR1_17_1 expr1Aux  (54)
	expr1Aux : expr1Aux . EXPR1_18_1 expr1Aux  (55)
	expr1Aux : expr1Aux . EXPR1_19_1 expr1Aux EXPR1_19_3 expr1Aux  (56)
	expr1Aux : expr1Aux EXPR1_19_1 expr1Aux EXPR1_19_3 expr1Aux .  (56)
	expr1Aux : expr1Aux . EXPR1_21_1 expr_list LAMBDA1_0_4  (58)
	expr1Aux : expr1Aux . EXPR1_22_1 IDENT1  (59)

	EXPR1_10_1  shift 69
	EXPR1_12_1  shift 70
	EXPR1_14_1  shift 71
	EXPR1_19_1  shift 72
	EXPR1_21_1  shift 73
	EXPR1_22_1  shift 74
	EXPR1_7_1  shift 75
	EXPR1_8_1  shift 76
	EXPR1_9_1  shift 77
	EXPR1_11_1  shift 78
	EXPR1_13_1  shift 79
	EXPR1_15_1  shift 80
	EXPR1_16_1  shift 81
	EXPR1_17_1  shift 82
	EXPR1_18_1  shift 83
	EOF  reduce 56
	BLOCK_1_1  reduce 56
	EXPR1_19_3  reduce 56
	IDENT_LIST_1_1_0_0_0  reduce 56
	LAMBDA1_0_4  reduce 56
	LAMBDA1_0_7  reduce 56
	STMT_2_1  reduce 56


state 161
	expr_list_1_1_0Aux : IDENT_LIST_1_1_0_0_0 . expr1  (91)

	EXPR1_10_1  shift 3
	EXPR1_21_1  shift 4
	EXPR1_6_0  shift 5
	LAMBDA1_0_5  shift 6
	NUMBER  shift 7
	EXPR1_20_0  shift 8
	IDENT1  shift 9
	STRING  shift 12
	VALUE1_1_0  shift 13
	VALUE1_2_0  shift 14
	FALSE_KW  shift 16
	FUNC_KW  shift 17
	TRUE_KW  shift 19
	UNDEF_KW  shift 20
	.  error

	value1  goto 24
	expr1  goto 170
	expr1Aux  goto 29
	lambda1  goto 30
	value1Aux  goto 31
	bool  goto 32
	lambda1Aux  goto 33
	boolAux  goto 34


state 162
	expr_list_1_1Aux : expr_list_1_1Aux expr_list_1_1_0 .  (89)

	.  reduce 89


state 163
	expr_list_1_1_0 : expr_list_1_1_0Aux .  (90)

	.  reduce 90


state 164
	expr1Aux : EXPR1_20_0 EXPR1_22_1 EXPR1_20_2 EXPR1_21_1 expr1Aux LAMBDA1_0_4 .  (57)

	.  reduce 57


state 165
	ident_list_1_1_0Aux : IDENT_LIST_1_1_0_0_0 . IDENT1  (99)

	IDENT1  shift 171
	.  error


state 166
	ident_list_1_1Aux : ident_list_1_1Aux ident_list_1_1_0 .  (97)

	.  reduce 97


state 167
	ident_list_1_1_0 : ident_list_1_1_0Aux .  (98)

	.  reduce 98


state 168
	testAux : idents test_0_1 IDENT1 STRING . STRING sexp2 sexp2  (20)

	STRING  shift 172
	.  error


state 169
	lambda1Aux : FUNC_KW lambda1_0_1 EXPR1_21_1 ident_list LAMBDA1_0_4 LAMBDA1_0_5 . block LAMBDA1_0_7  (69)

	EXPR1_10_1  shift 3
	EXPR1_21_1  shift 4
	EXPR1_6_0  shift 5
	LAMBDA1_0_5  shift 6
	NUMBER  shift 7
	EXPR1_20_0  shift 8
	IDENT1  shift 9
	STRING  shift 12
	VALUE1_1_0  shift 13
	VALUE1_2_0  shift 14
	CONST_KW  shift 15
	FALSE_KW  shift 16
	FUNC_KW  shift 17
	LET_KW  shift 18
	RET_KW  shift 39
	TRUE_KW  shift 19
	UNDEF_KW  shift 20
	.  error

	value1  goto 24
	expr1  goto 41
	stmt  goto 42
	stmtAux  goto 28
	expr1Aux  goto 29
	block  goto 173
	lambda1  goto 30
	value1Aux  goto 31
	bool  goto 32
	lambda1Aux  goto 33
	blockAux  goto 45
	boolAux  goto 34


state 170
	expr_list_1_1_0Aux : IDENT_LIST_1_1_0_0_0 expr1 .  (91)

	.  reduce 91


state 171
	ident_list_1_1_0Aux : IDENT_LIST_1_1_0_0_0 IDENT1 .  (99)

	.  reduce 99


state 172
	testAux : idents test_0_1 IDENT1 STRING STRING . sexp2 sexp2  (20)

	EXPR1_21_1  shift 174
	NUMBER  shift 7
	IDENT1  shift 51
	STRING  shift 12
	VALUE1_1_0  shift 13
	VALUE1_2_0  shift 14
	FALSE_KW  shift 16
	TRUE_KW  shift 19
	.  error

	sexp1  goto 175
	sexp1Aux  goto 53
	value1  goto 54
	sexp2  goto 176
	sexp2Aux  goto 177
	value1Aux  goto 31
	bool  goto 32
	boolAux  goto 34


state 173
	lambda1Aux : FUNC_KW lambda1_0_1 EXPR1_21_1 ident_list LAMBDA1_0_4 LAMBDA1_0_5 block . LAMBDA1_0_7  (69)

	LAMBDA1_0_7  shift 178
	.  error


state 174
	sexp1Aux : EXPR1_21_1 . sexp1_2_1 LAMBDA1_0_4  (8)
	sexp2Aux : EXPR1_21_1 . SEXP2_1_1 program LAMBDA1_0_4  (26)
	sexp2Aux : EXPR1_21_1 . SEXP2_2_1 expr1 LAMBDA1_0_4  (27)
	sexp2Aux : EXPR1_21_1 . SEXP2_3_1 expr1 LAMBDA1_0_4  (28)
	Empty : .  (105)

	SEXP2_1_1  shift 179
	SEXP2_2_1  shift 180
	SEXP2_3_1  shift 181
	EXPR1_21_1  reduce 105
	LAMBDA1_0_4  reduce 105
	NUMBER  reduce 105
	IDENT1  reduce 105
	STRING  reduce 105
	VALUE1_1_0  reduce 105
	VALUE1_2_0  reduce 105
	FALSE_KW  reduce 105
	TRUE_KW  reduce 105

	sexp1_2_1  goto 94
	sexp1_2_1Aux  goto 95
	Empty  goto 96


state 175
	sexp2Aux : sexp1 .  (25)

	.  reduce 25


state 176
	testAux : idents test_0_1 IDENT1 STRING STRING sexp2 . sexp2  (20)

	EXPR1_21_1  shift 174
	NUMBER  shift 7
	IDENT1  shift 51
	STRING  shift 12
	VALUE1_1_0  shift 13
	VALUE1_2_0  shift 14
	FALSE_KW  shift 16
	TRUE_KW  shift 19
	.  error

	sexp1  goto 175
	sexp1Aux  goto 53
	value1  goto 54
	sexp2  goto 182
	sexp2Aux  goto 177
	value1Aux  goto 31
	bool  goto 32
	boolAux  goto 34


state 177
	sexp2 : sexp2Aux .  (24)

	.  reduce 24


state 178
	lambda1Aux : FUNC_KW lambda1_0_1 EXPR1_21_1 ident_list LAMBDA1_0_4 LAMBDA1_0_5 block LAMBDA1_0_7 .  (69)

	.  reduce 69


state 179
	sexp2Aux : EXPR1_21_1 SEXP2_1_1 . program LAMBDA1_0_4  (26)

	EXPR1_10_1  shift 3
	EXPR1_21_1  shift 4
	EXPR1_6_0  shift 5
	LAMBDA1_0_5  shift 6
	NUMBER  shift 7
	EXPR1_20_0  shift 8
	IDENT1  shift 9
	STRING  shift 12
	VALUE1_1_0  shift 13
	VALUE1_2_0  shift 14
	CONST_KW  shift 15
	FALSE_KW  shift 16
	FUNC_KW  shift 17
	LET_KW  shift 18
	TRUE_KW  shift 19
	UNDEF_KW  shift 20
	.  error

	program  goto 183
	value1  goto 24
	expr1  goto 25
	programAux  goto 26
	stmt  goto 27
	stmtAux  goto 28
	expr1Aux  goto 29
	lambda1  goto 30
	value1Aux  goto 31
	bool  goto 32
	lambda1Aux  goto 33
	boolAux  goto 34


state 180
	sexp2Aux : EXPR1_21_1 SEXP2_2_1 . expr1 LAMBDA1_0_4  (27)

	EXPR1_10_1  shift 3
	EXPR1_21_1  shift 4
	EXPR1_6_0  shift 5
	LAMBDA1_0_5  shift 6
	NUMBER  shift 7
	EXPR1_20_0  shift 8
	IDENT1  shift 9
	STRING  shift 12
	VALUE1_1_0  shift 13
	VALUE1_2_0  shift 14
	FALSE_KW  shift 16
	FUNC_KW  shift 17
	TRUE_KW  shift 19
	UNDEF_KW  shift 20
	.  error

	value1  goto 24
	expr1  goto 184
	expr1Aux  goto 29
	lambda1  goto 30
	value1Aux  goto 31
	bool  goto 32
	lambda1Aux  goto 33
	boolAux  goto 34


state 181
	sexp2Aux : EXPR1_21_1 SEXP2_3_1 . expr1 LAMBDA1_0_4  (28)

	EXPR1_10_1  shift 3
	EXPR1_21_1  shift 4
	EXPR1_6_0  shift 5
	LAMBDA1_0_5  shift 6
	NUMBER  shift 7
	EXPR1_20_0  shift 8
	IDENT1  shift 9
	STRING  shift 12
	VALUE1_1_0  shift 13
	VALUE1_2_0  shift 14
	FALSE_KW  shift 16
	FUNC_KW  shift 17
	TRUE_KW  shift 19
	UNDEF_KW  shift 20
	.  error

	value1  goto 24
	expr1  goto 185
	expr1Aux  goto 29
	lambda1  goto 30
	value1Aux  goto 31
	bool  goto 32
	lambda1Aux  goto 33
	boolAux  goto 34


state 182
	testAux : idents test_0_1 IDENT1 STRING STRING sexp2 sexp2 .  (20)

	.  reduce 20


state 183
	sexp2Aux : EXPR1_21_1 SEXP2_1_1 program . LAMBDA1_0_4  (26)

	LAMBDA1_0_4  shift 186
	.  error


state 184
	sexp2Aux : EXPR1_21_1 SEXP2_2_1 expr1 . LAMBDA1_0_4  (27)

	LAMBDA1_0_4  shift 187
	.  error


state 185
	sexp2Aux : EXPR1_21_1 SEXP2_3_1 expr1 . LAMBDA1_0_4  (28)

	LAMBDA1_0_4  shift 188
	.  error


state 186
	sexp2Aux : EXPR1_21_1 SEXP2_1_1 program LAMBDA1_0_4 .  (26)

	.  reduce 26


state 187
	sexp2Aux : EXPR1_21_1 SEXP2_2_1 expr1 LAMBDA1_0_4 .  (27)

	.  reduce 27


state 188
	sexp2Aux : EXPR1_21_1 SEXP2_3_1 expr1 LAMBDA1_0_4 .  (28)

	.  reduce 28


62 terminals, 57 nonterminals
107 grammar rules, 189 states
